[INFO](1606804562.8216534)Initializing...
[INFO](1606804562.8216534)├─ Fixing Path...
[INFO](1606804562.8226547)├─ Checking Program Integrity...
[INFO](1606804562.8226547)├─ Loading Engine Configuration...
[INFO](1606804562.8226547)│  ├─ Loading [config/config.ini]...
[INFO](1606804562.8246558)├─ Registering Native API...
[INFO](1606804562.8246558)│  ├─ Registering [add]...
[INFO](1606804562.8246558)│  ├─ Registering [add_listener]...
[INFO](1606804562.8256567)│  ├─ Registering [append_gui]...
[INFO](1606804562.8256567)│  ├─ Registering [b]...
[INFO](1606804562.8256567)│  ├─ Registering [back]...
[INFO](1606804562.8256567)│  ├─ Registering [chart]...
[INFO](1606804562.8256567)│  ├─ Registering [check]...
[INFO](1606804562.8256567)│  ├─ Registering [clear]...
[INFO](1606804562.8266582)│  ├─ Registering [clear_gui]...
[INFO](1606804562.8266582)│  ├─ Registering [connect]...
[INFO](1606804562.8266582)│  ├─ Registering [critical]...
[INFO](1606804562.8276596)│  ├─ Registering [debug]...
[INFO](1606804562.8276596)│  ├─ Registering [dispatch_event]...
[INFO](1606804562.8276596)│  ├─ Registering [divider]...
[INFO](1606804562.8276596)│  ├─ Registering [dot2path]...
[INFO](1606804562.8276596)│  ├─ Registering [dropdown]...
[INFO](1606804562.8286600)│  ├─ Registering [error]...
[INFO](1606804562.8286600)│  ├─ Registering [exit]...
[INFO](1606804562.8286600)│  ├─ Registering [fix_path]...
[INFO](1606804562.8286600)│  ├─ Registering [generate_map]...
[INFO](1606804562.8286600)│  ├─ Registering [get]...
[INFO](1606804562.8296607)│  ├─ Registering [get_gui_list]...
[INFO](1606804562.8296607)│  ├─ Registering [goto]...
[INFO](1606804562.8296607)│  ├─ Registering [h]...
[INFO](1606804562.8296607)│  ├─ Registering [has_listener]...
[INFO](1606804562.8296607)│  ├─ Registering [info]...
[INFO](1606804562.8306615)│  ├─ Registering [input]...
[INFO](1606804562.8306615)│  ├─ Registering [is_locked]...
[INFO](1606804562.8306615)│  ├─ Registering [load_config]...
[INFO](1606804562.8306615)│  ├─ Registering [load_data]...
[INFO](1606804562.8306615)│  ├─ Registering [load_dlc]...
[INFO](1606804562.8316627)│  ├─ Registering [load_file]...
[INFO](1606804562.8316627)│  ├─ Registering [load_from]...
[INFO](1606804562.8322937)│  ├─ Registering [load_mod]...
[INFO](1606804562.8326643)│  ├─ Registering [load_plugin]...
[INFO](1606804562.8326643)│  ├─ Registering [load_script]...
[INFO](1606804562.8336644)│  ├─ Registering [lock]...
[INFO](1606804562.8346653)│  ├─ Registering [lock_passed]...
[INFO](1606804562.8346653)│  ├─ Registering [mode]...
[INFO](1606804562.8346653)│  ├─ Registering [page]...
[INFO](1606804562.8356657)│  ├─ Registering [path2dot]...
[INFO](1606804562.8356657)│  ├─ Registering [progress]...
[INFO](1606804562.8356657)│  ├─ Registering [radio]...
[INFO](1606804562.8366663)│  ├─ Registering [rate]...
[INFO](1606804562.8366663)│  ├─ Registering [recv]...
[INFO](1606804562.8366663)│  ├─ Registering [register_api]...
[INFO](1606804562.8366663)│  ├─ Registering [remove_all_listeners]...
[INFO](1606804562.8376672)│  ├─ Registering [remove_listener]...
[INFO](1606804562.8376672)│  ├─ Registering [repeat]...
[INFO](1606804562.8386693)│  ├─ Registering [save_data_to_file]...
[INFO](1606804562.8386693)│  ├─ Registering [save_file]...
[INFO](1606804562.8396699)│  ├─ Registering [save_to]...
[INFO](1606804562.8396699)│  ├─ Registering [scan]...
[INFO](1606804562.8403435)│  ├─ Registering [scan_dlc]...
[INFO](1606804562.8403435)│  ├─ Registering [scan_mod]...
[INFO](1606804562.8406708)│  ├─ Registering [scan_plugin]...
[INFO](1606804562.8406708)│  ├─ Registering [scan_script]...
[INFO](1606804562.8406708)│  ├─ Registering [self_check]...
[INFO](1606804562.8406708)│  ├─ Registering [send]...
[INFO](1606804562.8406708)│  ├─ Registering [send_config]...
[INFO](1606804562.8416717)│  ├─ Registering [send_loaded]...
[INFO](1606804562.8416717)│  ├─ Registering [shake]...
[INFO](1606804562.8416717)│  ├─ Registering [t]...
[INFO](1606804562.8416717)│  ├─ Registering [title]...
[INFO](1606804562.8416717)│  ├─ Registering [unlock]...
[INFO](1606804562.8426728)│  ├─ Registering [unlock_forever]...
[INFO](1606804562.8426728)│  ├─ Registering [wait_for_unlock]...
[INFO](1606804562.8426728)│  ├─ Registering [warn]...
[INFO](1606804562.8426728)│  └─ 68 Native APIs Registered!
[INFO](1606804562.8426728)├─ Scanning Plugins...
[INFO](1606804562.8436732)│  ├─ Scanning [EraAchievement]...
[INFO](1606804562.8436732)│  ├─ Scanning [EraAct]...
[INFO](1606804562.8436732)│  ├─ Scanning [EraAI]...
[INFO](1606804562.8436732)│  ├─ Scanning [EraAvantar]...
[INFO](1606804562.8436732)│  ├─ Scanning [EraBattle]...
[INFO](1606804562.8436732)│  ├─ Scanning [EraCareer]...
[INFO](1606804562.8446743)│  ├─ Scanning [EraChaos]...
[INFO](1606804562.8446743)│  ├─ Scanning [EraConsole]...
[INFO](1606804562.8446743)│  ├─ Scanning [EraData]...
[INFO](1606804562.8446743)│  ├─ Scanning [EraDebug]...
[INFO](1606804562.8446743)│  ├─ Scanning [EraDynamic]...
[INFO](1606804562.8446743)│  ├─ Scanning [EraEmotion]...
[INFO](1606804562.8456752)│  ├─ Scanning [EraERB]...
[INFO](1606804562.8456752)│  ├─ Scanning [EraEstate]...
[INFO](1606804562.8456752)│  ├─ Scanning [EraEvent]...
[INFO](1606804562.8456752)│  ├─ Scanning [EraFestival]...
[INFO](1606804562.8456752)│  ├─ Scanning [EraGuanXi]...
[INFO](1606804562.8456752)│  ├─ Scanning [EraHistory]...
[INFO](1606804562.8456752)│  ├─ Scanning [EraIndoor]...
[INFO](1606804562.8466766)│  ├─ Scanning [EraItem]...
[INFO](1606804562.8466766)│  ├─ Scanning [EraKojo]...
[INFO](1606804562.8476765)│  ├─ Scanning [EraKojoGen]...
[INFO](1606804562.8476765)│  ├─ Scanning [EraLuck]...
[INFO](1606804562.8476765)│  ├─ Scanning [EraMap]...
[INFO](1606804562.8476765)│  ├─ Scanning [EraMarket]...
[INFO](1606804562.8476765)│  ├─ Scanning [EraNative]...
[INFO](1606804562.8476765)│  ├─ Scanning [EraNet]...
[INFO](1606804562.8476765)│  ├─ Scanning [EraRealtime]...
[INFO](1606804562.8486774)│  ├─ Scanning [EraSElement]...
[INFO](1606804562.8486774)│  ├─ Scanning [EraTern]...
[INFO](1606804562.8486774)│  ├─ Scanning [EraTextTemp]...
[INFO](1606804562.8486774)│  ├─ Scanning [EraTime]...
[INFO](1606804562.8486774)│  ├─ Scanning [EraUI]...
[INFO](1606804562.8496783)│  └─ 33 Plugins Scanned!
[INFO](1606804562.8506794)├─ Loading Plugins...
[INFO](1606804562.8506794)│  └─ 0 Plugins Loaded!
[INFO](1606804562.8506794)├─ Connecting Server...
[INFO](1606804562.8586872)│  └─ Connected!
[INFO](1606804562.9587986)├─ Transfering Configuration to Server...
[INFO](1606804562.9598007)├─ Loading Data Files...
[INFO](1606804562.9608021)│  ├─ Loading [data\配置表\动作配置.csv]...
[INFO](1606804562.9618020)│  ├─ Loading [data\配置表\标签交互.csv]...
[INFO](1606804562.9618020)│  ├─ Loading [data\配置表\修正\attach.yml]...
[INFO](1606804562.9628031)│  ├─ Loading [data\配置表\修正\experience.yml]...
[INFO](1606804562.9628031)│  ├─ Loading [data\配置表\口上预设\口上配置.yml]...
[INFO](1606804562.9628031)│  ├─ Loading [data\配置表\口上预设\描述配置.yml]...
[INFO](1606804562.9638042)│  ├─ Loading [data\配置表\器官注册\human.yml]...
[INFO](1606804562.9638042)│  ├─ Loading [data\配置表\经历\经历.yml]...
[INFO](1606804562.9648044)│  ├─ Loading [data\配置表\角色初始\NULL.yml]...
[INFO](1606804562.9648044)│  ├─ Loading [data\配置表\角色初始\玩家.yml]...
[INFO](1606804562.9648044)│  ├─ Loading [data\配置表\道具预设\NULL.yml]...
[INFO](1606804562.9658053)│  └─ Data Files Loaded!
[INFO](1606804562.9658053)├─ Scanning Scripts...
[INFO](1606804562.9658053)│  └─ 0 Scripts Scanned!
[INFO](1606804562.9668059)├─ Loading Scripts...
[INFO](1606804562.9668059)│  └─ 0 Scripts Loaded!
[INFO](1606804562.9668059)├─ Scanning DLCs...
[INFO](1606804562.9688077)│  └─ 0 DLCs Scanned!
[INFO](1606804562.9688077)├─ Loading DLCs...
[INFO](1606804562.9688077)│  └─ 0 DLCs Loaded!
[INFO](1606804562.9698086)├─ Scanning MODs...
[INFO](1606804562.9708099)│  └─ 0 MODs Scanned!
[INFO](1606804562.9708099)├─ Loading MODs...
[INFO](1606804562.9708099)│  └─ 0 MODs Loaded!
[INFO](1606804562.9718108)├─ Transferring Loading Complete Signal...
[INFO](1606804562.9718108)└─ Initialize Complete!
[DEBG](1606804565.2204051)GOTO: Append [ui_make_chara_1] to [] & run
[DEBG](1606804565.6709223)GOTO: Append [ui_main] to [ui_make_chara_1] & run
[DEBG](1606804566.1833961)GOTO: Append [ui_make_love] to [ui_make_chara_1 → ui_main] & run
[DEBG](1606804566.6628408)GOTO: Append [turn_prepare] to [ui_make_chara_1 → ui_main → ui_make_love] & run
[DEBG](1606804566.6638417)CLEAR_ALL_GUI: Set [ui_make_chara_1 → ui_main → ui_make_love → turn_prepare] to []
[DEBG](1606804567.2713931)GOTO: Append [turn_running] to [] & run
[DEBG](1606804591.6556106)GOTO: Append [turn_prepare] to [turn_running] & run
[DEBG](1606804591.6556106)CLEAR_ALL_GUI: Set [turn_running → turn_prepare] to []
